[backblue.gif]
[fade.gif]
[index.html]
[www.edaplayground.com/img/EPWave-screenshot.png]
[connect.facebook.net/en_US/all.js]
[www.edaplayground.com/img/DoulosLogoBanner_EDA_PG_40.jpg]
[code.jquery.com/jquery-2.0.3.min.js]
[netdna.bootstrapcdn.com/bootstrap/3.3.7/js/bootstrap.min.js]
[www.edaplayground.com/js/lib/cdn/bootstrap-3.3.7.min.js]
[cdnjs.cloudflare.com/ajax/libs/underscore.js/1.5.1/underscore-min.js]
[www.edaplayground.com/js/lib/cdn/underscore-1.5.1.min.js]
[cdnjs.cloudflare.com/ajax/libs/moment.js/2.2.1/moment.min.js]
[www.edaplayground.com/js/lib/cdn/moment-2.2.1.min.js]
[www.edaplayground.com/js/utils24cd.js]
[www.edaplayground.com/js/lib/cdn/jquery-ui-1.12.0.min.js]
[www.edaplayground.com/js/lib/jquery.fileuploadd158.js]
[www.google-analytics.com/analytics.js]
[code.jquery.com/ui/1.12.0/jquery-ui.min.js]
[www.edaplayground.com/js/epWavefc7a.js]
[www.edaplayground.com/js/epwaveHome8fa7.js]
[www.edaplayground.com/w/x/QKf.html]
[www.edaplayground.com/css/cdn/jquery-ui/images/ui-icons_444444_256x240.png]
[www.edaplayground.com/css/cdn/jquery-ui/images/ui-icons_777777_256x240.png]
[www.edaplayground.com/css/cdn/jquery-ui/images/ui-icons_555555_256x240.png]
[www.edaplayground.com/css/cdn/jquery-ui/images/ui-icons_ffffff_256x240.png]
[www.edaplayground.com/css/cdn/jquery-ui/images/ui-icons_777620_256x240.png]
[www.edaplayground.com/css/cdn/jquery-ui/images/ui-icons_cc0000_256x240.png]
[www.edaplayground.com/css/cdn/jquery-ui/jquery-ui-1.12.0.min.css]
[www.edaplayground.com/css/cdn/layout-default-1.3.0-rc-30.79.min.css]
[www.edaplayground.com/css/jquery.multiselect3860.css]
[www.edaplayground.com/css/cdn/codemirror-4.4.0.min.css]
[www.edaplayground.com/css/cdn/tlv-basic.css]
[www.edaplayground.com/css/cdn/abcdef.css]
[www.edaplayground.com/css/cdn/dialog-4.4.0.css]
[www.edaplayground.com/css/bootstrap-3.3.7.min.css]
[www.edaplayground.com/css/cdn/font-awesome-4.7.0/css/font-awesome.min.css]
[www.edaplayground.com/css/dockmodal/img/dockmodal-icon.png]
[www.edaplayground.com/css/dockmodal/css/jquery.dockmodal3860.css]
[www.edaplayground.com/css/customaca5.css]
[www.edaplayground.com/css/epwaveCustombea6.css]
[connect.facebook.net/en_US/all.js]
[www.edaplayground.com/js/lib/cdn/jquery-2.0.3.min.html]
[platform.linkedin.com/in.js]
